Using pre-set license
Built from '2021.2/staging' branch; Version is '2021.2.6f1 (8c4e826ba445) revision 9195138'; Using compiler version '192829333'; Build Type 'Release'
OS: 'Windows 11  (10.0.22000) 64bit Core' Language: 'en' Physical Memory: 16085 MB
BatchMode: 1, IsHumanControllingUs: 0, StartBugReporterOnCrash: 0, Is64bit: 1, IsPro: 0

COMMAND LINE ARGUMENTS:
C:\Program Files\Unity\Hub\Editor\2021.2.6f1\Editor\Unity.exe
-adb2
-batchMode
-noUpm
-name
AssetImportWorker0
-projectPath
D:/Unity-Repo/fleet-simulator
-logFile
Logs/AssetImportWorker0.log
-srvPort
58311
Successfully changed project path to: D:/Unity-Repo/fleet-simulator
D:/Unity-Repo/fleet-simulator
[UnityMemory] Configuration Parameters - Can be set up in boot.config
    "memorysetup-bucket-allocator-granularity=16"
    "memorysetup-bucket-allocator-bucket-count=8"
    "memorysetup-bucket-allocator-block-size=33554432"
    "memorysetup-bucket-allocator-block-count=8"
    "memorysetup-main-allocator-block-size=16777216"
    "memorysetup-thread-allocator-block-size=16777216"
    "memorysetup-gfx-main-allocator-block-size=16777216"
    "memorysetup-gfx-thread-allocator-block-size=16777216"
    "memorysetup-cache-allocator-block-size=4194304"
    "memorysetup-typetree-allocator-block-size=2097152"
    "memorysetup-profiler-bucket-allocator-granularity=16"
    "memorysetup-profiler-bucket-allocator-bucket-count=8"
    "memorysetup-profiler-bucket-allocator-block-size=33554432"
    "memorysetup-profiler-bucket-allocator-block-count=8"
    "memorysetup-profiler-allocator-block-size=16777216"
    "memorysetup-profiler-editor-allocator-block-size=1048576"
    "memorysetup-temp-allocator-size-main=16777216"
    "memorysetup-job-temp-allocator-block-size=2097152"
    "memorysetup-job-temp-allocator-block-size-background=1048576"
    "memorysetup-job-temp-allocator-reduction-small-platforms=262144"
    "memorysetup-temp-allocator-size-background-worker=32768"
    "memorysetup-temp-allocator-size-job-worker=262144"
    "memorysetup-temp-allocator-size-preload-manager=33554432"
    "memorysetup-temp-allocator-size-nav-mesh-worker=65536"
    "memorysetup-temp-allocator-size-audio-worker=65536"
    "memorysetup-temp-allocator-size-cloud-worker=32768"
    "memorysetup-temp-allocator-size-gi-baking-worker=262144"
    "memorysetup-temp-allocator-size-gfx=262144"
Refreshing native plugins compatible for Editor in 22.37 ms, found 2 plugins.
Preloading 0 native plugins for Editor in 0.00 ms.
Initialize engine version: 2021.2.6f1 (8c4e826ba445)
[Subsystems] Discovering subsystems at path C:/Program Files/Unity/Hub/Editor/2021.2.6f1/Editor/Data/Resources/UnitySubsystems
[Subsystems] Discovering subsystems at path D:/Unity-Repo/fleet-simulator/Assets
GfxDevice: creating device client; threaded=0; jobified=0
Direct3D:
    Version:  Direct3D 11.0 [level 11.1]
    Renderer: NVIDIA GeForce RTX 3060 Laptop GPU (ID=0x2520)
    Vendor:   NVIDIA
    VRAM:     6023 MB
    Driver:   30.0.14.9613
Initialize mono
Mono path[0] = 'C:/Program Files/Unity/Hub/Editor/2021.2.6f1/Editor/Data/Managed'
Mono path[1] = 'C:/Program Files/Unity/Hub/Editor/2021.2.6f1/Editor/Data/MonoBleedingEdge/lib/mono/unityjit-win32'
Mono config path = 'C:/Program Files/Unity/Hub/Editor/2021.2.6f1/Editor/Data/MonoBleedingEdge/etc'
Using monoOptions --debugger-agent=transport=dt_socket,embedding=1,server=y,suspend=n,address=127.0.0.1:56660
Begin MonoManager ReloadAssembly
Registering precompiled unity dll's ...
Register platform support module: C:/Program Files/Unity/Hub/Editor/2021.2.6f1/Editor/Data/PlaybackEngines/WebGLSupport/UnityEditor.WebGL.Extensions.dll
Register platform support module: C:/Program Files/Unity/Hub/Editor/2021.2.6f1/Editor/Data/PlaybackEngines/WindowsStandaloneSupport/UnityEditor.WindowsStandalone.Extensions.dll
Registered in 0.004344 seconds.
Native extension for WindowsStandalone target not found
Native extension for WebGL target not found
Refreshing native plugins compatible for Editor in 29.96 ms, found 2 plugins.
Preloading 0 native plugins for Editor in 0.00 ms.
Mono: successfully reloaded assembly
- Completed reload, in  0.550 seconds
Domain Reload Profiling:
	ReloadAssembly (551ms)
		BeginReloadAssembly (60ms)
			ExecutionOrderSort (0ms)
			DisableScriptedObjects (0ms)
			BackupInstance (0ms)
			ReleaseScriptingObjects (0ms)
			CreateAndSetChildDomain (1ms)
		EndReloadAssembly (422ms)
			LoadAssemblies (58ms)
			RebuildTransferFunctionScriptingTraits (0ms)
			SetupTypeCache (97ms)
			ReleaseScriptCaches (0ms)
			RebuildScriptCaches (30ms)
			SetupLoadedEditorAssemblies (242ms)
				LogAssemblyErrors (0ms)
				InitializePlatformSupportModulesInManaged (20ms)
				SetLoadedEditorAssemblies (0ms)
				RefreshPlugins (30ms)
				BeforeProcessingInitializeOnLoad (1ms)
				ProcessInitializeOnLoadAttributes (144ms)
				ProcessInitializeOnLoadMethodAttributes (46ms)
				AfterProcessingInitializeOnLoad (0ms)
				EditorAssembliesLoaded (0ms)
			ExecutionOrderSort2 (0ms)
			AwakeInstancesAfterBackupRestoration (0ms)
Platform modules already initialized, skipping
Registering precompiled user dll's ...
Registered in 0.001548 seconds.
Begin MonoManager ReloadAssembly
Native extension for WindowsStandalone target not found
Native extension for WebGL target not found
Refreshing native plugins compatible for Editor in 0.39 ms, found 2 plugins.
Preloading 0 native plugins for Editor in 0.00 ms.
Mono: successfully reloaded assembly
- Completed reload, in  0.784 seconds
Domain Reload Profiling:
	ReloadAssembly (785ms)
		BeginReloadAssembly (107ms)
			ExecutionOrderSort (0ms)
			DisableScriptedObjects (6ms)
			BackupInstance (0ms)
			ReleaseScriptingObjects (0ms)
			CreateAndSetChildDomain (18ms)
		EndReloadAssembly (584ms)
			LoadAssemblies (67ms)
			RebuildTransferFunctionScriptingTraits (0ms)
			SetupTypeCache (192ms)
			ReleaseScriptCaches (0ms)
			RebuildScriptCaches (41ms)
			SetupLoadedEditorAssemblies (255ms)
				LogAssemblyErrors (0ms)
				InitializePlatformSupportModulesInManaged (13ms)
				SetLoadedEditorAssemblies (0ms)
				RefreshPlugins (0ms)
				BeforeProcessingInitializeOnLoad (51ms)
				ProcessInitializeOnLoadAttributes (169ms)
				ProcessInitializeOnLoadMethodAttributes (17ms)
				AfterProcessingInitializeOnLoad (4ms)
				EditorAssembliesLoaded (0ms)
			ExecutionOrderSort2 (0ms)
			AwakeInstancesAfterBackupRestoration (5ms)
Platform modules already initialized, skipping
========================================================================
Worker process is ready to serve import requests
Launched and connected shader compiler UnityShaderCompiler.exe after 0.03 seconds
Refreshing native plugins compatible for Editor in 0.41 ms, found 2 plugins.
Preloading 0 native plugins for Editor in 0.00 ms.
Unloading 1546 Unused Serialized files (Serialized files now loaded: 0)
Unloading 19 unused Assets / (56.2 KB). Loaded Objects now: 2009.
Memory consumption went from 69.1 MB to 69.0 MB.
Total: 2.727000 ms (FindLiveObjects: 0.226800 ms CreateObjectMapping: 0.062800 ms MarkObjects: 2.360400 ms  DeleteObjects: 0.075800 ms)

AssetImportParameters requested are different than current active one (requested -> active):
  custom:video-decoder-ogg-theora: a1e56fd34408186e4bbccfd4996cb3dc -> 
  custom:container-muxer-webm: aa71ff27fc2769a1b78a27578f13a17b -> 
  custom:container-demuxer-webm: 4f35f7cbe854078d1ac9338744f61a02 -> 
  custom:video-encoder-webm-vp8: eb34c28f22e8b96e1ab97ce403110664 -> 
  custom:audio-encoder-webm-vorbis: bf7c407c2cedff20999df2af8eb42d56 -> 
  custom:framework-win-MediaFoundation: 216162199b28c13a410421893ffa2e32 -> 
  custom:container-demuxer-ogg: 62fdf1f143b41e24485cea50d1cbac27 -> 
  custom:video-decoder-webm-vp8: 9c59270c3fd7afecdb556c50c9e8de78 -> 
  custom:audio-decoder-ogg-vorbis: bf7c407c2cedff20999df2af8eb42d56 -> 
========================================================================
Received Import Request.
  Time since last request: 337514.295551 seconds.
  path: Assets/PointerOctree/Octree.cs
  artifactKey: Guid(3bb84c60d637dae43890ffd9d4756a7a) Importer(815301076,1909f56bfc062723c751e8b465ee728b)
Start importing Assets/PointerOctree/Octree.cs using Guid(3bb84c60d637dae43890ffd9d4756a7a) Importer(815301076,1909f56bfc062723c751e8b465ee728b)  -> (artifact id: 'e8623c622ae4ffdc4936636284ca1da7') in 0.017097 seconds 
========================================================================
Received Import Request.
  Time since last request: 7.143518 seconds.
  path: Assets/PointerOctree/Octree.cs
  artifactKey: Guid(3bb84c60d637dae43890ffd9d4756a7a) Importer(815301076,1909f56bfc062723c751e8b465ee728b)
Start importing Assets/PointerOctree/Octree.cs using Guid(3bb84c60d637dae43890ffd9d4756a7a) Importer(815301076,1909f56bfc062723c751e8b465ee728b)  -> (artifact id: '0a3285b3bf5d6401d96c80d3e1a26eca') in 0.001350 seconds 
========================================================================
Received Import Request.
  Time since last request: 6.491143 seconds.
  path: Assets/PointerOctree/Octree.cs
  artifactKey: Guid(3bb84c60d637dae43890ffd9d4756a7a) Importer(815301076,1909f56bfc062723c751e8b465ee728b)
Start importing Assets/PointerOctree/Octree.cs using Guid(3bb84c60d637dae43890ffd9d4756a7a) Importer(815301076,1909f56bfc062723c751e8b465ee728b)  -> (artifact id: 'e9be6f5a316c51884b9f9d0bf07214f7') in 0.001209 seconds 
========================================================================
Received Import Request.
  Time since last request: 28.961413 seconds.
  path: Assets/PointerOctree/Octree.cs
  artifactKey: Guid(3bb84c60d637dae43890ffd9d4756a7a) Importer(815301076,1909f56bfc062723c751e8b465ee728b)
Start importing Assets/PointerOctree/Octree.cs using Guid(3bb84c60d637dae43890ffd9d4756a7a) Importer(815301076,1909f56bfc062723c751e8b465ee728b)  -> (artifact id: 'd197e44e891cf10af8654dbb418c1f44') in 0.001247 seconds 
========================================================================
Received Import Request.
  Time since last request: 17.567169 seconds.
  path: Assets/PointerOctree/Octree.cs
  artifactKey: Guid(3bb84c60d637dae43890ffd9d4756a7a) Importer(815301076,1909f56bfc062723c751e8b465ee728b)
Start importing Assets/PointerOctree/Octree.cs using Guid(3bb84c60d637dae43890ffd9d4756a7a) Importer(815301076,1909f56bfc062723c751e8b465ee728b)  -> (artifact id: '75f867d11c95f45e0a7e4229e3257bc4') in 0.001544 seconds 
========================================================================
Received Import Request.
  Time since last request: 6.175189 seconds.
  path: Assets/PointerOctree/Octree.cs
  artifactKey: Guid(3bb84c60d637dae43890ffd9d4756a7a) Importer(815301076,1909f56bfc062723c751e8b465ee728b)
Start importing Assets/PointerOctree/Octree.cs using Guid(3bb84c60d637dae43890ffd9d4756a7a) Importer(815301076,1909f56bfc062723c751e8b465ee728b)  -> (artifact id: '468651b1c7e7a6645c52ab69aa9b2a36') in 0.001498 seconds 
========================================================================
Received Import Request.
  Time since last request: 21.156666 seconds.
  path: Assets/PointerOctree/Octree.cs
  artifactKey: Guid(3bb84c60d637dae43890ffd9d4756a7a) Importer(815301076,1909f56bfc062723c751e8b465ee728b)
Start importing Assets/PointerOctree/Octree.cs using Guid(3bb84c60d637dae43890ffd9d4756a7a) Importer(815301076,1909f56bfc062723c751e8b465ee728b)  -> (artifact id: '3c6942384d6989e7f9dfd75c4427439c') in 0.001598 seconds 
========================================================================
Received Import Request.
  Time since last request: 0.785685 seconds.
  path: Assets/PointerOctree/Octree.cs
  artifactKey: Guid(3bb84c60d637dae43890ffd9d4756a7a) Importer(815301076,1909f56bfc062723c751e8b465ee728b)
Start importing Assets/PointerOctree/Octree.cs using Guid(3bb84c60d637dae43890ffd9d4756a7a) Importer(815301076,1909f56bfc062723c751e8b465ee728b)  -> (artifact id: '154bdb25cbbe15df06f9e8565bc8ed03') in 0.001504 seconds 
========================================================================
Received Import Request.
  Time since last request: 201.580525 seconds.
  path: Assets/PointerOctree/Octree.cs
  artifactKey: Guid(3bb84c60d637dae43890ffd9d4756a7a) Importer(815301076,1909f56bfc062723c751e8b465ee728b)
Start importing Assets/PointerOctree/Octree.cs using Guid(3bb84c60d637dae43890ffd9d4756a7a) Importer(815301076,1909f56bfc062723c751e8b465ee728b)  -> (artifact id: 'c3fbee8116c545747418614bfca2adb1') in 0.001671 seconds 
========================================================================
Received Import Request.
  Time since last request: 20.844859 seconds.
  path: Assets/PointerOctree/Octree.cs
  artifactKey: Guid(3bb84c60d637dae43890ffd9d4756a7a) Importer(815301076,1909f56bfc062723c751e8b465ee728b)
Start importing Assets/PointerOctree/Octree.cs using Guid(3bb84c60d637dae43890ffd9d4756a7a) Importer(815301076,1909f56bfc062723c751e8b465ee728b)  -> (artifact id: 'dbcf125e61bfafc9946a71bd4ef28a87') in 0.001221 seconds 
========================================================================
Received Import Request.
  Time since last request: 11.906979 seconds.
  path: Assets/PointerOctree/Octree.cs
  artifactKey: Guid(3bb84c60d637dae43890ffd9d4756a7a) Importer(815301076,1909f56bfc062723c751e8b465ee728b)
Start importing Assets/PointerOctree/Octree.cs using Guid(3bb84c60d637dae43890ffd9d4756a7a) Importer(815301076,1909f56bfc062723c751e8b465ee728b)  -> (artifact id: '6357e533b7989412a8b91e52b32efbc1') in 0.001478 seconds 
========================================================================
Received Import Request.
  Time since last request: 10.634782 seconds.
  path: Assets/PointerOctree/Octree.cs
  artifactKey: Guid(3bb84c60d637dae43890ffd9d4756a7a) Importer(815301076,1909f56bfc062723c751e8b465ee728b)
Start importing Assets/PointerOctree/Octree.cs using Guid(3bb84c60d637dae43890ffd9d4756a7a) Importer(815301076,1909f56bfc062723c751e8b465ee728b)  -> (artifact id: '2d26b672301ed04ae7af0ee2c4cd78fa') in 0.001492 seconds 
========================================================================
Received Import Request.
  Time since last request: 18.841028 seconds.
  path: Assets/PointerOctree/Octree.cs
  artifactKey: Guid(3bb84c60d637dae43890ffd9d4756a7a) Importer(815301076,1909f56bfc062723c751e8b465ee728b)
Start importing Assets/PointerOctree/Octree.cs using Guid(3bb84c60d637dae43890ffd9d4756a7a) Importer(815301076,1909f56bfc062723c751e8b465ee728b)  -> (artifact id: '235accf32b73a33116b919022a1d3e6a') in 0.001617 seconds 
========================================================================
Received Import Request.
  Time since last request: 5.594167 seconds.
  path: Assets/PointerOctree/Octree.cs
  artifactKey: Guid(3bb84c60d637dae43890ffd9d4756a7a) Importer(815301076,1909f56bfc062723c751e8b465ee728b)
Start importing Assets/PointerOctree/Octree.cs using Guid(3bb84c60d637dae43890ffd9d4756a7a) Importer(815301076,1909f56bfc062723c751e8b465ee728b)  -> (artifact id: '0ccd9180cb2df86eecbb47fe406677c7') in 0.001531 seconds 
========================================================================
Received Import Request.
  Time since last request: 39.533539 seconds.
  path: Assets/PointerOctree/Octree.cs
  artifactKey: Guid(3bb84c60d637dae43890ffd9d4756a7a) Importer(815301076,1909f56bfc062723c751e8b465ee728b)
Start importing Assets/PointerOctree/Octree.cs using Guid(3bb84c60d637dae43890ffd9d4756a7a) Importer(815301076,1909f56bfc062723c751e8b465ee728b)  -> (artifact id: 'fa4870c4696d67d479d4c7a52a967eb0') in 0.001367 seconds 
========================================================================
Received Prepare
Registering precompiled user dll's ...
Registered in 0.001427 seconds.
Begin MonoManager ReloadAssembly
Native extension for WindowsStandalone target not found
Native extension for WebGL target not found
Refreshing native plugins compatible for Editor in 0.44 ms, found 2 plugins.
Preloading 0 native plugins for Editor in 0.00 ms.
Mono: successfully reloaded assembly
- Completed reload, in  0.777 seconds
Domain Reload Profiling:
	ReloadAssembly (777ms)
		BeginReloadAssembly (135ms)
			ExecutionOrderSort (0ms)
			DisableScriptedObjects (6ms)
			BackupInstance (0ms)
			ReleaseScriptingObjects (0ms)
			CreateAndSetChildDomain (31ms)
		EndReloadAssembly (551ms)
			LoadAssemblies (69ms)
			RebuildTransferFunctionScriptingTraits (0ms)
			SetupTypeCache (146ms)
			ReleaseScriptCaches (1ms)
			RebuildScriptCaches (37ms)
			SetupLoadedEditorAssemblies (273ms)
				LogAssemblyErrors (0ms)
				InitializePlatformSupportModulesInManaged (13ms)
				SetLoadedEditorAssemblies (1ms)
				RefreshPlugins (1ms)
				BeforeProcessingInitializeOnLoad (43ms)
				ProcessInitializeOnLoadAttributes (188ms)
				ProcessInitializeOnLoadMethodAttributes (21ms)
				AfterProcessingInitializeOnLoad (6ms)
				EditorAssembliesLoaded (0ms)
			ExecutionOrderSort2 (0ms)
			AwakeInstancesAfterBackupRestoration (5ms)
Platform modules already initialized, skipping
Refreshing native plugins compatible for Editor in 0.40 ms, found 2 plugins.
Preloading 0 native plugins for Editor in 0.00 ms.
Unloading 1540 Unused Serialized files (Serialized files now loaded: 0)
Unloading 14 unused Assets / (24.6 KB). Loaded Objects now: 2011.
Memory consumption went from 68.9 MB to 68.9 MB.
Total: 2.178900 ms (FindLiveObjects: 0.208800 ms CreateObjectMapping: 0.036900 ms MarkObjects: 1.917200 ms  DeleteObjects: 0.015200 ms)

AssetImportParameters requested are different than current active one (requested -> active):
  custom:video-decoder-ogg-theora: a1e56fd34408186e4bbccfd4996cb3dc -> 
  custom:container-muxer-webm: aa71ff27fc2769a1b78a27578f13a17b -> 
  custom:container-demuxer-webm: 4f35f7cbe854078d1ac9338744f61a02 -> 
  custom:video-encoder-webm-vp8: eb34c28f22e8b96e1ab97ce403110664 -> 
  custom:audio-encoder-webm-vorbis: bf7c407c2cedff20999df2af8eb42d56 -> 
  custom:framework-win-MediaFoundation: 216162199b28c13a410421893ffa2e32 -> 
  custom:container-demuxer-ogg: 62fdf1f143b41e24485cea50d1cbac27 -> 
  custom:video-decoder-webm-vp8: 9c59270c3fd7afecdb556c50c9e8de78 -> 
  custom:audio-decoder-ogg-vorbis: bf7c407c2cedff20999df2af8eb42d56 -> 
========================================================================
Received Prepare
Registering precompiled user dll's ...
Registered in 0.001871 seconds.
Begin MonoManager ReloadAssembly
Native extension for WindowsStandalone target not found
Native extension for WebGL target not found
Refreshing native plugins compatible for Editor in 0.32 ms, found 2 plugins.
Preloading 0 native plugins for Editor in 0.00 ms.
Mono: successfully reloaded assembly
- Completed reload, in  0.679 seconds
Domain Reload Profiling:
	ReloadAssembly (680ms)
		BeginReloadAssembly (108ms)
			ExecutionOrderSort (0ms)
			DisableScriptedObjects (7ms)
			BackupInstance (0ms)
			ReleaseScriptingObjects (0ms)
			CreateAndSetChildDomain (24ms)
		EndReloadAssembly (503ms)
			LoadAssemblies (48ms)
			RebuildTransferFunctionScriptingTraits (0ms)
			SetupTypeCache (132ms)
			ReleaseScriptCaches (1ms)
			RebuildScriptCaches (28ms)
			SetupLoadedEditorAssemblies (259ms)
				LogAssemblyErrors (0ms)
				InitializePlatformSupportModulesInManaged (12ms)
				SetLoadedEditorAssemblies (0ms)
				RefreshPlugins (0ms)
				BeforeProcessingInitializeOnLoad (45ms)
				ProcessInitializeOnLoadAttributes (176ms)
				ProcessInitializeOnLoadMethodAttributes (21ms)
				AfterProcessingInitializeOnLoad (5ms)
				EditorAssembliesLoaded (0ms)
			ExecutionOrderSort2 (0ms)
			AwakeInstancesAfterBackupRestoration (5ms)
Platform modules already initialized, skipping
Refreshing native plugins compatible for Editor in 0.33 ms, found 2 plugins.
Preloading 0 native plugins for Editor in 0.00 ms.
Unloading 1540 Unused Serialized files (Serialized files now loaded: 0)
Unloading 14 unused Assets / (24.6 KB). Loaded Objects now: 2013.
Memory consumption went from 68.9 MB to 68.9 MB.
Total: 2.270800 ms (FindLiveObjects: 0.121300 ms CreateObjectMapping: 0.026200 ms MarkObjects: 2.103700 ms  DeleteObjects: 0.018600 ms)

AssetImportParameters requested are different than current active one (requested -> active):
  custom:video-decoder-ogg-theora: a1e56fd34408186e4bbccfd4996cb3dc -> 
  custom:container-muxer-webm: aa71ff27fc2769a1b78a27578f13a17b -> 
  custom:container-demuxer-webm: 4f35f7cbe854078d1ac9338744f61a02 -> 
  custom:video-encoder-webm-vp8: eb34c28f22e8b96e1ab97ce403110664 -> 
  custom:audio-encoder-webm-vorbis: bf7c407c2cedff20999df2af8eb42d56 -> 
  custom:framework-win-MediaFoundation: 216162199b28c13a410421893ffa2e32 -> 
  custom:container-demuxer-ogg: 62fdf1f143b41e24485cea50d1cbac27 -> 
  custom:video-decoder-webm-vp8: 9c59270c3fd7afecdb556c50c9e8de78 -> 
  custom:audio-decoder-ogg-vorbis: bf7c407c2cedff20999df2af8eb42d56 -> 
